<?xml version="1.0" encoding="UTF-8"?>
<!-- Generated by org.testng.reporters.JUnitReportReporter -->
<testsuite hostname="ASDW0041" name="com.qait.automation.tatoc_automation_with_javascriptExecutor.testFileJs" tests="7" failures="0" timestamp="4 Jul 2018 08:59:24 GMT" time="16.158" errors="0">
  <testcase name="checkBasicCourseLink" time="0.271" classname="com.qait.automation.tatoc_automation_with_javascriptExecutor.testFileJs"/>
  <testcase name="checkdragBox" time="0.303" classname="com.qait.automation.tatoc_automation_with_javascriptExecutor.testFileJs"/>
  <testcase name="checkCookie" time="0.202" classname="com.qait.automation.tatoc_automation_with_javascriptExecutor.testFileJs"/>
  <testcase name="checkRepaintAndProceed" time="0.624" classname="com.qait.automation.tatoc_automation_with_javascriptExecutor.testFileJs"/>
  <testcase name="checkGridGate" time="0.238" classname="com.qait.automation.tatoc_automation_with_javascriptExecutor.testFileJs"/>
  <testcase name="checkpopup" time="2.387" classname="com.qait.automation.tatoc_automation_with_javascriptExecutor.testFileJs"/>
  <testcase name="launchBrowser" time="12.133" classname="com.qait.automation.tatoc_automation_with_javascriptExecutor.testFileJs"/>
</testsuite>
